生成启动时间为 2019/3/8/周五 20:15:12。
     1>项目“D:\VS\代码\练习\练习\练习\字符与字符串函数\字符与字符串函数\字符与字符串函数.vcxproj”在节点 2 上(Build 个目标)。
     1>ClCompile:
         D:\VS\VC\bin\CL.exe /c /ZI /nologo /W3 /WX- /sdl /Od /Oy- /D _UNICODE /D UNICODE /Gm /EHsc /RTC1 /MDd /GS /fp:precise /Zc:wchar_t /Zc:forScope /Fo"Debug\\" /Fd"Debug\vc120.pdb" /Gd /TC /analyze- /errorReport:prompt test.c
         test.c
     1>d:\vs\代码\练习\练习\练习\字符与字符串函数\字符与字符串函数\test.c(13): warning C4047: “!=”:“int”与“void *”的间接级别不同
     1>d:\vs\代码\练习\练习\练习\字符与字符串函数\字符与字符串函数\test.c(35): warning C4090: “初始化”: 不同的“const”限定符
     1>d:\vs\代码\练习\练习\练习\字符与字符串函数\字符与字符串函数\test.c(121): warning C4090: “=”: 不同的“const”限定符
     1>d:\vs\代码\练习\练习\练习\字符与字符串函数\字符与字符串函数\test.c(197): warning C4133: “<=”: 从“const int *”到“void *”的类型不兼容
     1>d:\vs\代码\练习\练习\练习\字符与字符串函数\字符与字符串函数\test.c(203): warning C4133: “=”: 从“char *”到“const int *”的类型不兼容
     1>d:\vs\代码\练习\练习\练习\字符与字符串函数\字符与字符串函数\test.c(209): warning C4133: “=”: 从“char *”到“const int *”的类型不兼容
     1>d:\vs\代码\练习\练习\练习\字符与字符串函数\字符与字符串函数\test.c(214): warning C4133: “=”: 从“char *”到“const int *”的类型不兼容
     1>d:\vs\代码\练习\练习\练习\字符与字符串函数\字符与字符串函数\test.c(131): warning C4715: “my_strstr”: 不是所有的控件路径都返回值
     1>d:\vs\代码\练习\练习\练习\字符与字符串函数\字符与字符串函数\test.c(151): warning C4715: “my_strchr”: 不是所有的控件路径都返回值
       Link:
         D:\VS\VC\bin\link.exe /ERRORREPORT:PROMPT /OUT:"D:\VS\代码\练习\练习\练习\字符与字符串函数\Debug\字符与字符串函数.exe" /INCREMENTAL /NOLOGO kernel32.lib user32.lib gdi32.lib winspool.lib comdlg32.lib advapi32.lib shell32.lib ole32.lib oleaut32.lib uuid.lib odbc32.lib odbccp32.lib /MANIFEST /MANIFESTUAC:"level='asInvoker' uiAccess='false'" /manifest:embed /DEBUG /PDB:"D:\VS\代码\练习\练习\练习\字符与字符串函数\Debug\字符与字符串函数.pdb" /TLBID:1 /DYNAMICBASE /NXCOMPAT /IMPLIB:"D:\VS\代码\练习\练习\练习\字符与字符串函数\Debug\字符与字符串函数.lib" /MACHINE:X86 Debug\test.obj
         字符与字符串函数.vcxproj -> D:\VS\代码\练习\练习\练习\字符与字符串函数\Debug\字符与字符串函数.exe
     1>已完成生成项目“D:\VS\代码\练习\练习\练习\字符与字符串函数\字符与字符串函数\字符与字符串函数.vcxproj”(Build 个目标)的操作。

生成成功。

已用时间 00:00:00.28
